--------------------------------------------------
			2024-04-17
小米路由器简易安装插件脚本 v1.0.7j

1.修复首次安装docker后，没有重进SSH控制台就直接下载Home-Assistant而导致下载失败的问题
--------------------------------------------------
			2024-04-17
小米路由器简易安装插件脚本 v1.0.7i

1.修复通过7h版本安装docker的，无法使用/etc/init.d/docker进行start或stop的问题（需要检查更新并选择重新下载进行修复，之前的文件不会因重新下载而被删除）
2.在本脚本检查docker更新的界面中，添加了更改虚拟内存大小的选项（原来默认的是1GB大小，现在可以选择更改为0-4GB。以前已安装过docker并打算修改为禁用虚拟内存的，需要检查更新并选择重新下载，之前的文件不会因重新下载而被删除）
--------------------------------------------------
			2024-04-15
小米路由器简易安装插件脚本 v1.0.7h

1.貌似小米BE7000和小米BE10000的/usr目录永远是满的，所以修改了docker的快捷方式，本次更新后，在首次安装docker后需要重新进入SSH控制台才能使用docker等命令
--------------------------------------------------
			2024-04-14
小米路由器简易安装插件脚本 v1.0.7g

1.新增安装docker时，若8000,9000,9443端口检测被占用，则无法安装
--------------------------------------------------
			2024-04-10
小米路由器简易安装插件脚本 v1.0.7f

1.修复当unzip安装在/data文件夹时，若qBittorrent或zerotier是使用临时目录安装的，重启后无法自动下载并恢复使用的问题（使用本脚本手动检查更新后，选择重新下载即可修复）
--------------------------------------------------
			2024-04-06
小米路由器简易安装插件脚本 v1.0.7e

1.修复zerotier在使用临时目录安装并配置好后，手动检查更新时，会弹出“在使用临时目录时必须在首次下载安装时设置好网络”的提示并被删除的问题
--------------------------------------------------
			2024-03-19
小米路由器简易安装插件脚本 v1.0.7d

1.当下载安装unzip遇到/overlay目录空间不足时，将尝试下载到/data文件夹内使用
--------------------------------------------------
			2024-03-16
小米路由器简易安装插件脚本 v1.0.7c

1.添加对小米aarch64架构的路由器安装docker的功能（不过目前带USB功能的也就BE7000，AX9000，BE10000这三款）
2.所有功能免费安装，无需打赏获取安装密码
3.恩山论坛取消回复可见，如果你想让更多人看到的话可以顶一下帖子。
4.如无意外本脚本将不再提供功能性更新，一路以来感谢以下网友的打赏支持：
01-23：*吉 10元
02-09：*亮 10元
02-11：*亮 18.88元
02-13：*亮 18元
02-14：*亮 38元
02-15：*亮 18元
02-17：*亮 10元
03-02：*亮 20元
--------------------------------------------------
			2024-03-11
小米路由器简易安装插件脚本 v1.0.7b

1.修复一键卸载设备网页黑名单功能时没有清空ipv6黑名单规则的问题
--------------------------------------------------
			2024-03-11
小米路由器简易安装插件脚本 v1.0.7a

1.修复设备网页黑名单没有对ipv6流量进行屏蔽的问题
--------------------------------------------------
			2024-02-26
小米路由器简易安装插件脚本 v1.0.7

1.添加对小米AX9000安装Home-Assistant的支持（安装目录需要为ext4格式，并可用空间至少剩余4GB或以上）
--------------------------------------------------
			2024-02-14
小米路由器简易安装插件脚本 v1.0.6c

1.修复上一个版本(v1.0.6.b)搜索已安装插件路径失效问题
--------------------------------------------------
			2024-02-14
小米路由器简易安装插件脚本 v1.0.6b

1.修复AdGuardHome使用非53端口时，ipv6的dns请求不经过AdGuardHome内核的问题
--------------------------------------------------
			2024-02-11
小米路由器简易安装插件脚本 v1.0.6a

1.修改插件ZeroTier-One在使用临时目录安装时，强制必须在下载好时便同时设置好配置，否则无法开机自启动下载
--------------------------------------------------
			2024-02-09
小米路由器简易安装插件脚本 v1.0.6

1.添加一个插件：ZeroTier-One
2.修复下载安装非AdGuardHome软件并运行失败时，若AdGuardHome是正在占用53端口的，会自动恢复dhcp备份文件的问题
--------------------------------------------------
			2024-01-19
小米路由器简易安装插件脚本 v1.0.5e

1.修复网络唤醒在开启ipv6状态下无效问题
2.代码优化：之前好多输入0返回主页面的选项改为输入0返回上一页
--------------------------------------------------
			2024-01-08
小米路由器简易安装插件脚本 v1.0.5

1.添加在主页面输入 'del+数字' 一键卸载插件功能
--------------------------------------------------
			2024-01-02
小米路由器简易安装插件脚本 v1.0.4

1.添加一个小功能：实时或定时网络唤醒局域网内设备
--------------------------------------------------
			2024-01-01
小米路由器简易安装插件脚本 v1.0.3

1.修复设备网页黑名单重启后不会生效问题
--------------------------------------------------
			2024-01-01
小米路由器简易安装插件脚本 v1.0.2

1.添加一个小功能：设备禁止访问网页黑名单（针对某个设备禁止访问黑名单中的网页）
--------------------------------------------------
			2023-12-31
小米路由器简易安装插件脚本 v1.0.1

1.尝试修复：加速镜像站挂掉时会下载文件失败，现在添加通过判断下载的文件大小来判断是否下载成功
2.去除手动检查脚本更新的选项，现在运行脚本会自动运行更新检测
--------------------------------------------------
			2023-12-28
小米路由器简易安装插件脚本 v1.0.0 恩山发布

问题反馈：https://www.right.com.cn/forum/thread-8266532-1-1.html

脚本特色亮点：
	1.傻瓜式安装并配置路由器常用插件，目前有qbittorrent增强版，Alist，AdGuardHome，Aria2，vsftpd，transmission共六个插件
	2.自动检测路由器各路径剩余空间大小，空间不足时可用/tmp目录作为存储使用，开机可自动下载主程序并恢复启动服务
	3.自动保存脚本日志，对路由器原厂文件做过何处修改一看即知（便于卸载插件时不知之前对原厂文件作过何处修改而无从下手）
--------------------------------------------------
